<?xml version="1.0" encoding="UTF-8"?>
<!-- Generated by org.testng.reporters.JUnitReportReporter -->
<testsuite hostname="DESKTOP-ILARKNK" failures="0" tests="2" name="swaglabs.LoginTest" time="4.694" errors="0" timestamp="04 Oct 2024 09:04:38 GMT" skipped="1">
  <testcase classname="swaglabs.LoginTest" name="LoginSuccessTest" time="4.694"/>
  <testcase classname="swaglabs.LoginTest" name="LoginFailiureTest">
    <skipped/>
  </testcase> <!-- LoginFailiureTest -->
</testsuite> <!-- swaglabs.LoginTest -->
